D:\programme\Microsoft Visual Studio\MSBuild\Microsoft\VC\v160\Microsoft.CppBuild.targets(519,5): warning MSB8028: The intermediate directory (x64\Debug\) contains files shared from another project (both.vcxproj).  This can lead to incorrect clean and rebuild behavior.
  Enemy.cpp
F:\OpenGl\OpenGL\Maze Work\1st\Untitled Survival Game\Untitled Survival Game\OpenGlx64\Enemy.h(116,9): warning C4244: 'initializing': conversion from 'T' to 'int', possible loss of data
          with
          [
              T=float
          ]
F:\OpenGl\OpenGL\Maze Work\1st\Untitled Survival Game\Untitled Survival Game\OpenGlx64\Enemy.h(117,9): warning C4244: 'initializing': conversion from 'T' to 'int', possible loss of data
          with
          [
              T=float
          ]
F:\OpenGl\OpenGL\Maze Work\1st\Untitled Survival Game\Untitled Survival Game\OpenGlx64\Enemy.h(123,9): warning C4244: 'initializing': conversion from 'T' to 'int', possible loss of data
          with
          [
              T=float
          ]
F:\OpenGl\OpenGL\Maze Work\1st\Untitled Survival Game\Untitled Survival Game\OpenGlx64\Enemy.h(124,9): warning C4244: 'initializing': conversion from 'T' to 'int', possible loss of data
          with
          [
              T=float
          ]
F:\OpenGl\OpenGL\Maze Work\1st\Untitled Survival Game\Untitled Survival Game\OpenGlx64\Enemy.h(144,47): warning C4244: 'argument': conversion from 'int' to 'float', possible loss of data
F:\OpenGl\OpenGL\Maze Work\1st\Untitled Survival Game\Untitled Survival Game\OpenGlx64\Enemy.h(271,36): warning C4244: '=': conversion from 'float' to 'int', possible loss of data
F:\OpenGl\OpenGL\Maze Work\1st\Untitled Survival Game\Untitled Survival Game\OpenGlx64\Enemy.h(272,36): warning C4244: '=': conversion from 'float' to 'int', possible loss of data
  main.cpp
C:\Program Files (x86)\Windows Kits\10\Include\10.0.19041.0\shared\minwindef.h(130,1): warning C4005: 'APIENTRY': macro redefinition
F:\OpenGl\OpenGL\Maze Work\1st\Untitled Survival Game\Untitled Survival Game\Dependences\GLFW\include\GLFW\glfw3.h(123): message : see previous definition of 'APIENTRY'
F:\OpenGl\OpenGL\Maze Work\1st\Untitled Survival Game\Untitled Survival Game\OpenGlx64\Enemy.h(116,9): warning C4244: 'initializing': conversion from 'T' to 'int', possible loss of data
          with
          [
              T=float
          ]
F:\OpenGl\OpenGL\Maze Work\1st\Untitled Survival Game\Untitled Survival Game\OpenGlx64\Enemy.h(117,9): warning C4244: 'initializing': conversion from 'T' to 'int', possible loss of data
          with
          [
              T=float
          ]
F:\OpenGl\OpenGL\Maze Work\1st\Untitled Survival Game\Untitled Survival Game\OpenGlx64\Enemy.h(123,9): warning C4244: 'initializing': conversion from 'T' to 'int', possible loss of data
          with
          [
              T=float
          ]
F:\OpenGl\OpenGL\Maze Work\1st\Untitled Survival Game\Untitled Survival Game\OpenGlx64\Enemy.h(124,9): warning C4244: 'initializing': conversion from 'T' to 'int', possible loss of data
          with
          [
              T=float
          ]
F:\OpenGl\OpenGL\Maze Work\1st\Untitled Survival Game\Untitled Survival Game\OpenGlx64\Enemy.h(144,47): warning C4244: 'argument': conversion from 'int' to 'float', possible loss of data
F:\OpenGl\OpenGL\Maze Work\1st\Untitled Survival Game\Untitled Survival Game\OpenGlx64\Enemy.h(271,36): warning C4244: '=': conversion from 'float' to 'int', possible loss of data
F:\OpenGl\OpenGL\Maze Work\1st\Untitled Survival Game\Untitled Survival Game\OpenGlx64\Enemy.h(272,36): warning C4244: '=': conversion from 'float' to 'int', possible loss of data
F:\OpenGl\OpenGL\Maze Work\1st\Untitled Survival Game\Untitled Survival Game\OpenGlx64\Hedge.h(61,29): warning C4244: '=': conversion from 'double' to 'float', possible loss of data
F:\OpenGl\OpenGL\Maze Work\1st\Untitled Survival Game\Untitled Survival Game\OpenGlx64\Hedge.h(62,29): warning C4244: '=': conversion from 'double' to 'float', possible loss of data
F:\OpenGl\OpenGL\Maze Work\1st\Untitled Survival Game\Untitled Survival Game\OpenGlx64\Hedge.h(79,26): warning C4838: conversion from 'unsigned int' to 'int' requires a narrowing conversion
F:\OpenGl\OpenGL\Maze Work\1st\Untitled Survival Game\Untitled Survival Game\OpenGlx64\Hedge.h(79,32): warning C4838: conversion from 'unsigned int' to 'int' requires a narrowing conversion
F:\OpenGl\OpenGL\Maze Work\1st\Untitled Survival Game\Untitled Survival Game\OpenGlx64\Hedge.h(79,36): warning C4838: conversion from 'unsigned int' to 'int' requires a narrowing conversion
F:\OpenGl\OpenGL\Maze Work\1st\Untitled Survival Game\Untitled Survival Game\OpenGlx64\Hedge.h(79,38): warning C4838: conversion from 'unsigned int' to 'int' requires a narrowing conversion
F:\OpenGl\OpenGL\Maze Work\1st\Untitled Survival Game\Untitled Survival Game\OpenGlx64\Hedge.h(80,24): warning C4838: conversion from 'unsigned int' to 'int' requires a narrowing conversion
F:\OpenGl\OpenGL\Maze Work\1st\Untitled Survival Game\Untitled Survival Game\OpenGlx64\Hedge.h(80,26): warning C4838: conversion from 'unsigned int' to 'int' requires a narrowing conversion
F:\OpenGl\OpenGL\Maze Work\1st\Untitled Survival Game\Untitled Survival Game\OpenGlx64\Hedge.h(80,30): warning C4838: conversion from 'unsigned int' to 'int' requires a narrowing conversion
F:\OpenGl\OpenGL\Maze Work\1st\Untitled Survival Game\Untitled Survival Game\OpenGlx64\Hedge.h(80,36): warning C4838: conversion from 'unsigned int' to 'int' requires a narrowing conversion
F:\OpenGl\OpenGL\Maze Work\1st\Untitled Survival Game\Untitled Survival Game\OpenGlx64\Hedge.h(117,29): warning C4244: '=': conversion from 'double' to 'float', possible loss of data
F:\OpenGl\OpenGL\Maze Work\1st\Untitled Survival Game\Untitled Survival Game\OpenGlx64\Hedge.h(118,29): warning C4244: '=': conversion from 'double' to 'float', possible loss of data
F:\OpenGl\OpenGL\Maze Work\1st\Untitled Survival Game\Untitled Survival Game\OpenGlx64\Hedge.h(167,29): warning C4244: '=': conversion from 'double' to 'float', possible loss of data
F:\OpenGl\OpenGL\Maze Work\1st\Untitled Survival Game\Untitled Survival Game\OpenGlx64\Hedge.h(168,29): warning C4244: '=': conversion from 'double' to 'float', possible loss of data
F:\OpenGl\OpenGL\Maze Work\1st\Untitled Survival Game\Untitled Survival Game\OpenGlx64\Hedge.h(179,26): warning C4838: conversion from 'unsigned int' to 'int' requires a narrowing conversion
F:\OpenGl\OpenGL\Maze Work\1st\Untitled Survival Game\Untitled Survival Game\OpenGlx64\Hedge.h(179,32): warning C4838: conversion from 'unsigned int' to 'int' requires a narrowing conversion
F:\OpenGl\OpenGL\Maze Work\1st\Untitled Survival Game\Untitled Survival Game\OpenGlx64\Hedge.h(179,36): warning C4838: conversion from 'unsigned int' to 'int' requires a narrowing conversion
F:\OpenGl\OpenGL\Maze Work\1st\Untitled Survival Game\Untitled Survival Game\OpenGlx64\Hedge.h(179,38): warning C4838: conversion from 'unsigned int' to 'int' requires a narrowing conversion
F:\OpenGl\OpenGL\Maze Work\1st\Untitled Survival Game\Untitled Survival Game\OpenGlx64\Hedge.h(180,24): warning C4838: conversion from 'unsigned int' to 'int' requires a narrowing conversion
F:\OpenGl\OpenGL\Maze Work\1st\Untitled Survival Game\Untitled Survival Game\OpenGlx64\Hedge.h(180,26): warning C4838: conversion from 'unsigned int' to 'int' requires a narrowing conversion
F:\OpenGl\OpenGL\Maze Work\1st\Untitled Survival Game\Untitled Survival Game\OpenGlx64\Hedge.h(180,30): warning C4838: conversion from 'unsigned int' to 'int' requires a narrowing conversion
F:\OpenGl\OpenGL\Maze Work\1st\Untitled Survival Game\Untitled Survival Game\OpenGlx64\Hedge.h(180,36): warning C4838: conversion from 'unsigned int' to 'int' requires a narrowing conversion
F:\OpenGl\OpenGL\Maze Work\1st\Untitled Survival Game\Untitled Survival Game\OpenGlx64\Hedge.h(292,1): warning C4305: 'argument': truncation from 'double' to 'float'
F:\OpenGl\OpenGL\Maze Work\1st\Untitled Survival Game\Untitled Survival Game\OpenGlx64\Hedge.h(293,1): warning C4305: 'argument': truncation from 'double' to 'float'
F:\OpenGl\OpenGL\Maze Work\1st\Untitled Survival Game\Untitled Survival Game\OpenGlx64\Hedge.h(300,1): warning C4305: 'argument': truncation from 'double' to 'float'
F:\OpenGl\OpenGL\Maze Work\1st\Untitled Survival Game\Untitled Survival Game\OpenGlx64\Hedge.h(301,1): warning C4305: 'argument': truncation from 'double' to 'float'
F:\OpenGl\OpenGL\Maze Work\1st\Untitled Survival Game\Untitled Survival Game\OpenGlx64\Hedge.h(308,1): warning C4305: 'argument': truncation from 'double' to 'float'
F:\OpenGl\OpenGL\Maze Work\1st\Untitled Survival Game\Untitled Survival Game\OpenGlx64\Hedge.h(309,1): warning C4305: 'argument': truncation from 'double' to 'float'
F:\OpenGl\OpenGL\Maze Work\1st\Untitled Survival Game\Untitled Survival Game\OpenGlx64\Hedge.h(316,1): warning C4305: 'argument': truncation from 'double' to 'float'
F:\OpenGl\OpenGL\Maze Work\1st\Untitled Survival Game\Untitled Survival Game\OpenGlx64\Hedge.h(317,1): warning C4305: 'argument': truncation from 'double' to 'float'
F:\OpenGl\OpenGL\Maze Work\1st\Untitled Survival Game\Untitled Survival Game\OpenGlx64\Hedge.h(326,1): warning C4305: 'argument': truncation from 'double' to 'float'
F:\OpenGl\OpenGL\Maze Work\1st\Untitled Survival Game\Untitled Survival Game\OpenGlx64\Hedge.h(327,1): warning C4305: 'argument': truncation from 'double' to 'float'
F:\OpenGl\OpenGL\Maze Work\1st\Untitled Survival Game\Untitled Survival Game\OpenGlx64\Hedge.h(357,1): warning C4267: 'argument': conversion from 'size_t' to 'GLsizei', possible loss of data
F:\OpenGl\OpenGL\Maze Work\1st\Untitled Survival Game\Untitled Survival Game\OpenGlx64\main.cpp(243,22): warning C4244: 'initializing': conversion from 'double' to 'float', possible loss of data
F:\OpenGl\OpenGL\Maze Work\1st\Untitled Survival Game\Untitled Survival Game\OpenGlx64\main.cpp(367,11): warning C4244: '=': conversion from 'double' to 'float', possible loss of data
F:\OpenGl\OpenGL\Maze Work\1st\Untitled Survival Game\Untitled Survival Game\OpenGlx64\main.cpp(368,11): warning C4244: '=': conversion from 'double' to 'float', possible loss of data
F:\OpenGl\OpenGL\Maze Work\1st\Untitled Survival Game\Untitled Survival Game\OpenGlx64\main.cpp(372,16): warning C4244: 'initializing': conversion from 'double' to 'float', possible loss of data
F:\OpenGl\OpenGL\Maze Work\1st\Untitled Survival Game\Untitled Survival Game\OpenGlx64\main.cpp(373,16): warning C4244: 'initializing': conversion from 'double' to 'float', possible loss of data
F:\OpenGl\OpenGL\Maze Work\1st\Untitled Survival Game\Untitled Survival Game\OpenGlx64\main.cpp(375,10): warning C4244: '=': conversion from 'double' to 'float', possible loss of data
F:\OpenGl\OpenGL\Maze Work\1st\Untitled Survival Game\Untitled Survival Game\OpenGlx64\main.cpp(376,10): warning C4244: '=': conversion from 'double' to 'float', possible loss of data
F:\OpenGl\OpenGL\Maze Work\1st\Untitled Survival Game\Untitled Survival Game\OpenGlx64\main.cpp(385,28): warning C4244: 'argument': conversion from 'double' to 'float', possible loss of data
  Generating Code...
F:\OpenGl\OpenGL\Maze Work\1st\Untitled Survival Game\Untitled Survival Game\OpenGlx64\InputProcess.h(49): warning C4715: 'InputProcess::checkCollision': not all control paths return a value
  SOIL.lib(stb_image_aug.obj) : MSIL .netmodule or module compiled with /GL found; restarting link with /LTCG; add /LTCG to the link command line to improve linker performance
LINK : warning LNK4075: ignoring '/INCREMENTAL' due to '/LTCG' specification
LINK : warning LNK4098: defaultlib 'MSVCRT' conflicts with use of other libs; use /NODEFAULTLIB:library
  Generating code
  Finished generating code
SOIL.lib(stb_image_aug.obj) : warning LNK4099: PDB 'vc110.pdb' was not found with 'SOIL.lib(stb_image_aug.obj)' or at 'F:\OpenGl\OpenGL\Maze Work\1st\Untitled Survival Game\Untitled Survival Game\x64\Debug\vc110.pdb'; linking object as if no debug info
  OpenGlx64.vcxproj -> F:\OpenGl\OpenGL\Maze Work\1st\Untitled Survival Game\Untitled Survival Game\x64\Debug\Untitled Survival Game.exe
